*I,imc.tool.cov.version.diff: "There is a difference between the IMC tool version 24.03 and the coverage version 24.09-s005"
*I,RUNLD: Successfully loaded run /home/student/nkapuscinska/VDIC/MTM_VDIC_nkapuscinska/lab02/run/cov_work/scope/lab02_example.
*I,MERGL1: Merging Simulation Coverage ...
----------------------------
*I,MERGL1: Preparing target model ...
*I,MERGL1: Reading model of primary run (cov_work/scope/lab02_example) as initial model: cov_work/scope/icc_38b6ed5f_5e9d1f6b.ucm
*I,MERGL1: Target model generated successfully.
*I,MERGL1: Projecting Simulation ucd data into the target model ...
*I,MERGL2:   cov_work/scope/lab02_example:
*I,MERGL3:       Data is projected in to the target model.
*I,MERGL1: Writing output database cov_work/scope/merged_results:
*I,MERGL2:   Model: cov_work/scope/merged_results/icc_38b6ed5f_5e9d1f6b.ucm
*I,MERGL2:   Data : cov_work/scope/merged_results/icc_38b6ed5f_5e9d1f6b.ucd
*I,MERGL1: No Specman coverage databases found in the runs.
Total conflicts during target model creation: 0
Total items not merged                      : 0
Total runs not considered during target model creation: 0
Total runs not merged                                 : 0
*I,imc.tool.cov.version.diff: "There is a difference between the IMC tool version 24.03 and the coverage version 24.09-s005"
*I,RUNLD: Successfully loaded run /home/student/nkapuscinska/VDIC/MTM_VDIC_nkapuscinska/lab02/run/cov_work/scope/merged_results.
*W,REPDEP: This is a legacy report and no future enhancement is planned for this report. It is recommended that you use the 'report_metrics' command and generate a dynamic report.
name                                     Overall Average      Overall Covered      Code Average         Code Covered         Fsm Average          Fsm Covered          Functional Average   Functional Covered   
-----------------------------------------------------------------------------------------------------------------------------------------------------------------------------------------------------------------
top                                      73.42%               76.64% (607/792)     66.18%               69.06% (192/278)     n/a                  n/a                  80.66%               80.74% (415/514)     
|--DUT                                   83.33%               83.33% (5/6)         83.33%               83.33% (5/6)         n/a                  n/a                  n/a                  n/a                  
